<?xml version="1.0" encoding="UTF-8" ?>
<testsuite failures="0" time="36.906" errors="1" skipped="1" tests="2" name="com.google.code.shardbatis.plugin.PerformanceTest">
  <properties>
[...]
</properties>
  <testcase time="0" classname="com.google.code.shardbatis.plugin.PerformanceTest" name="testWithPlugin">
    <skipped/>
  </testcase>
  <testcase time="36.906" classname="com.google.code.shardbatis.plugin.PerformanceTest" name="testNoPlugin">
    <error message="
### Error opening session.  Cause: org.h2.jdbc.JdbcSQLException: Connection is broken: &quot;Connection refused: connect&quot; [90067-140]
### Cause: org.h2.jdbc.JdbcSQLException: Connection is broken: &quot;Connection refused: connect&quot; [90067-140]" type="org.apache.ibatis.exceptions.PersistenceException">org.apache.ibatis.exceptions.PersistenceException: 
### Error opening session.  Cause: org.h2.jdbc.JdbcSQLException: Connection is broken: &quot;Connection refused: connect&quot; [90067-140]
### Cause: org.h2.jdbc.JdbcSQLException: Connection is broken: &quot;Connection refused: connect&quot; [90067-140]
	at org.apache.ibatis.exceptions.ExceptionFactory.wrapException(ExceptionFactory.java:8)
	at org.apache.ibatis.session.defaults.DefaultSqlSessionFactory.openSessionFromDataSource(DefaultSqlSessionFactory.java:83)
	at org.apache.ibatis.session.defaults.DefaultSqlSessionFactory.openSession(DefaultSqlSessionFactory.java:32)
	at com.google.code.shardbatis.plugin.PerformanceTest.testNoPlugin(PerformanceTest.java:85)
	at sun.reflect.NativeMethodAccessorImpl.invoke0(Native Method)
	at sun.reflect.NativeMethodAccessorImpl.invoke(NativeMethodAccessorImpl.java:57)
	at sun.reflect.DelegatingMethodAccessorImpl.invoke(DelegatingMethodAccessorImpl.java:43)
	at java.lang.reflect.Method.invoke(Method.java:606)
	at org.junit.runners.model.FrameworkMethod$1.runReflectiveCall(FrameworkMethod.java:44)
	at org.junit.internal.runners.model.ReflectiveCallable.run(ReflectiveCallable.java:15)
	at org.junit.runners.model.FrameworkMethod.invokeExplosively(FrameworkMethod.java:41)
	at org.junit.internal.runners.statements.InvokeMethod.evaluate(InvokeMethod.java:20)
	at org.junit.runners.BlockJUnit4ClassRunner.runChild(BlockJUnit4ClassRunner.java:76)
	at org.junit.runners.BlockJUnit4ClassRunner.runChild(BlockJUnit4ClassRunner.java:50)
	at org.junit.runners.ParentRunner$3.run(ParentRunner.java:193)
	at org.junit.runners.ParentRunner$1.schedule(ParentRunner.java:52)
	at org.junit.runners.ParentRunner.runChildren(ParentRunner.java:191)
	at org.junit.runners.ParentRunner.access$000(ParentRunner.java:42)
	at org.junit.runners.ParentRunner$2.evaluate(ParentRunner.java:184)
	at org.junit.runners.ParentRunner.run(ParentRunner.java:236)
	at org.apache.maven.surefire.junit4.JUnit4Provider.execute(JUnit4Provider.java:252)
	at org.apache.maven.surefire.junit4.JUnit4Provider.executeTestSet(JUnit4Provider.java:141)
	at org.apache.maven.surefire.junit4.JUnit4Provider.invoke(JUnit4Provider.java:112)
	at sun.reflect.NativeMethodAccessorImpl.invoke0(Native Method)
	at sun.reflect.NativeMethodAccessorImpl.invoke(NativeMethodAccessorImpl.java:57)
	at sun.reflect.DelegatingMethodAccessorImpl.invoke(DelegatingMethodAccessorImpl.java:43)
	at java.lang.reflect.Method.invoke(Method.java:606)
	at org.apache.maven.surefire.util.ReflectionUtils.invokeMethodWithArray(ReflectionUtils.java:189)
	at org.apache.maven.surefire.booter.ProviderFactory$ProviderProxy.invoke(ProviderFactory.java:165)
	at org.apache.maven.surefire.booter.ProviderFactory.invokeProvider(ProviderFactory.java:85)
	at org.apache.maven.surefire.booter.ForkedBooter.runSuitesInProcess(ForkedBooter.java:115)
	at org.apache.maven.surefire.booter.ForkedBooter.main(ForkedBooter.java:75)
Caused by: org.h2.jdbc.JdbcSQLException: Connection is broken: &quot;Connection refused: connect&quot; [90067-140]
	at org.h2.message.DbException.getJdbcSQLException(DbException.java:327)
	at org.h2.message.DbException.get(DbException.java:156)
	at org.h2.engine.SessionRemote.connectServer(SessionRemote.java:331)
	at org.h2.engine.SessionRemote.connectEmbeddedOrServer(SessionRemote.java:225)
	at org.h2.engine.SessionRemote.createSession(SessionRemote.java:219)
	at org.h2.jdbc.JdbcConnection.&lt;init&gt;(JdbcConnection.java:111)
	at org.h2.jdbc.JdbcConnection.&lt;init&gt;(JdbcConnection.java:95)
	at org.h2.Driver.connect(Driver.java:73)
	at java.sql.DriverManager.getConnection(DriverManager.java:571)
	at java.sql.DriverManager.getConnection(DriverManager.java:215)
	at org.apache.ibatis.datasource.unpooled.UnpooledDataSource.getConnection(UnpooledDataSource.java:64)
	at org.apache.ibatis.datasource.pooled.PooledDataSource.popConnection(PooledDataSource.java:349)
	at org.apache.ibatis.datasource.pooled.PooledDataSource.getConnection(PooledDataSource.java:55)
	at org.apache.ibatis.session.defaults.DefaultSqlSessionFactory.openSessionFromDataSource(DefaultSqlSessionFactory.java:73)
	... 30 more
Caused by: java.net.ConnectException: Connection refused: connect
	at java.net.DualStackPlainSocketImpl.waitForConnect(Native Method)
	at java.net.DualStackPlainSocketImpl.socketConnect(DualStackPlainSocketImpl.java:85)
	at java.net.AbstractPlainSocketImpl.doConnect(AbstractPlainSocketImpl.java:339)
	at java.net.AbstractPlainSocketImpl.connectToAddress(AbstractPlainSocketImpl.java:200)
	at java.net.AbstractPlainSocketImpl.connect(AbstractPlainSocketImpl.java:182)
	at java.net.PlainSocketImpl.connect(PlainSocketImpl.java:172)
	at java.net.SocksSocketImpl.connect(SocksSocketImpl.java:392)
	at java.net.Socket.connect(Socket.java:579)
	at org.h2.util.NetUtils.createSocket(NetUtils.java:109)
	at org.h2.util.NetUtils.createSocket(NetUtils.java:91)
	at org.h2.engine.SessionRemote.initTransfer(SessionRemote.java:96)
	at org.h2.engine.SessionRemote.connectServer(SessionRemote.java:327)
	... 41 more
</error>
  </testcase>
</testsuite>